<?xml version="1.0" encoding="UTF-8"?>
<coverage generated="1725408020038" clover="3.2.0">
  <project timestamp="1725408020038" name="All files">
    <metrics statements="29" coveredstatements="21" conditionals="14" coveredconditionals="12" methods="2" coveredmethods="2" elements="45" coveredelements="35" complexity="0" loc="29" ncloc="29" packages="1" files="2" classes="2"/>
    <file name="Trem.js" path="C:\Users\Católica-SC\OneDrive - Católica SC\Diversos\Área de trabalho\Área de Trabalho\trem-autonomo\src\Trem.js">
      <metrics statements="22" coveredstatements="21" conditionals="14" coveredconditionals="12" methods="2" coveredmethods="2"/>
      <line num="3" count="5" type="stmt"/>
      <line num="4" count="5" type="stmt"/>
      <line num="8" count="5" type="stmt"/>
      <line num="9" count="5" type="stmt"/>
      <line num="11" count="5" type="stmt"/>
      <line num="12" count="48" type="cond" truecount="4" falsecount="0"/>
      <line num="13" count="1" type="stmt"/>
      <line num="16" count="47" type="cond" truecount="2" falsecount="0"/>
      <line num="17" count="41" type="stmt"/>
      <line num="19" count="6" type="stmt"/>
      <line num="20" count="6" type="stmt"/>
      <line num="23" count="47" type="cond" truecount="2" falsecount="0"/>
      <line num="24" count="2" type="stmt"/>
      <line num="27" count="45" type="stmt"/>
      <line num="29" count="45" type="cond" truecount="2" falsecount="0"/>
      <line num="30" count="2" type="stmt"/>
      <line num="31" count="43" type="cond" truecount="1" falsecount="1"/>
      <line num="32" count="43" type="stmt"/>
      <line num="35" count="45" type="cond" truecount="1" falsecount="1"/>
      <line num="36" count="0" type="stmt"/>
      <line num="39" count="2" type="stmt"/>
      <line num="43" count="1" type="stmt"/>
    </file>
    <file name="index.js" path="C:\Users\Católica-SC\OneDrive - Católica SC\Diversos\Área de trabalho\Área de Trabalho\trem-autonomo\src\index.js">
      <metrics statements="7" coveredstatements="0" conditionals="0" coveredconditionals="0" methods="0" coveredmethods="0"/>
      <line num="1" count="0" type="stmt"/>
      <line num="3" count="0" type="stmt"/>
      <line num="4" count="0" type="stmt"/>
      <line num="6" count="0" type="stmt"/>
      <line num="7" count="0" type="stmt"/>
      <line num="8" count="0" type="stmt"/>
      <line num="10" count="0" type="stmt"/>
    </file>
  </project>
</coverage>
