{"C:\\Users\\Católica-SC\\OneDrive - Católica SC\\Diversos\\Área de trabalho\\Área de Trabalho\\trem-autonomo\\src\\Trem.js": {"path":"C:\\Users\\Católica-SC\\OneDrive - Católica SC\\Diversos\\Área de trabalho\\Área de Trabalho\\trem-autonomo\\src\\Trem.js","statementMap":{"0":{"start":{"line":3,"column":8},"end":{"line":3,"column":25}},"1":{"start":{"line":4,"column":8},"end":{"line":4,"column":29}},"2":{"start":{"line":8,"column":27},"end":{"line":8,"column":31}},"3":{"start":{"line":9,"column":30},"end":{"line":9,"column":31}},"4":{"start":{"line":11,"column":8},"end":{"line":38,"column":9}},"5":{"start":{"line":12,"column":12},"end":{"line":14,"column":13}},"6":{"start":{"line":13,"column":16},"end":{"line":13,"column":64}},"7":{"start":{"line":16,"column":12},"end":{"line":21,"column":13}},"8":{"start":{"line":17,"column":16},"end":{"line":17,"column":34}},"9":{"start":{"line":19,"column":16},"end":{"line":19,"column":39}},"10":{"start":{"line":20,"column":16},"end":{"line":20,"column":36}},"11":{"start":{"line":23,"column":12},"end":{"line":25,"column":13}},"12":{"start":{"line":24,"column":16},"end":{"line":24,"column":87}},"13":{"start":{"line":27,"column":12},"end":{"line":27,"column":42}},"14":{"start":{"line":29,"column":12},"end":{"line":33,"column":13}},"15":{"start":{"line":30,"column":16},"end":{"line":30,"column":31}},"16":{"start":{"line":31,"column":19},"end":{"line":33,"column":13}},"17":{"start":{"line":32,"column":16},"end":{"line":32,"column":31}},"18":{"start":{"line":35,"column":12},"end":{"line":37,"column":13}},"19":{"start":{"line":36,"column":16},"end":{"line":36,"column":22}},"20":{"start":{"line":39,"column":8},"end":{"line":39,"column":28}},"21":{"start":{"line":43,"column":0},"end":{"line":43,"column":22}}},"fnMap":{"0":{"name":"(anonymous_0)","decl":{"start":{"line":2,"column":4},"end":{"line":2,"column":5}},"loc":{"start":{"line":2,"column":18},"end":{"line":5,"column":5}},"line":2},"1":{"name":"(anonymous_1)","decl":{"start":{"line":7,"column":4},"end":{"line":7,"column":5}},"loc":{"start":{"line":7,"column":20},"end":{"line":40,"column":5}},"line":7}},"branchMap":{"0":{"loc":{"start":{"line":12,"column":12},"end":{"line":14,"column":13}},"type":"if","locations":[{"start":{"line":12,"column":12},"end":{"line":14,"column":13}},{"start":{},"end":{}}],"line":12},"1":{"loc":{"start":{"line":12,"column":16},"end":{"line":12,"column":63}},"type":"binary-expr","locations":[{"start":{"line":12,"column":16},"end":{"line":12,"column":38}},{"start":{"line":12,"column":42},"end":{"line":12,"column":63}}],"line":12},"2":{"loc":{"start":{"line":16,"column":12},"end":{"line":21,"column":13}},"type":"if","locations":[{"start":{"line":16,"column":12},"end":{"line":21,"column":13}},{"start":{"line":18,"column":19},"end":{"line":21,"column":13}}],"line":16},"3":{"loc":{"start":{"line":23,"column":12},"end":{"line":25,"column":13}},"type":"if","locations":[{"start":{"line":23,"column":12},"end":{"line":25,"column":13}},{"start":{},"end":{}}],"line":23},"4":{"loc":{"start":{"line":29,"column":12},"end":{"line":33,"column":13}},"type":"if","locations":[{"start":{"line":29,"column":12},"end":{"line":33,"column":13}},{"start":{"line":31,"column":19},"end":{"line":33,"column":13}}],"line":29},"5":{"loc":{"start":{"line":31,"column":19},"end":{"line":33,"column":13}},"type":"if","locations":[{"start":{"line":31,"column":19},"end":{"line":33,"column":13}},{"start":{},"end":{}}],"line":31},"6":{"loc":{"start":{"line":35,"column":12},"end":{"line":37,"column":13}},"type":"if","locations":[{"start":{"line":35,"column":12},"end":{"line":37,"column":13}},{"start":{},"end":{}}],"line":35}},"s":{"0":5,"1":5,"2":5,"3":5,"4":5,"5":48,"6":1,"7":47,"8":41,"9":6,"10":6,"11":47,"12":2,"13":45,"14":45,"15":2,"16":43,"17":43,"18":45,"19":0,"20":2,"21":1},"f":{"0":5,"1":5},"b":{"0":[1,47],"1":[48,46],"2":[41,6],"3":[2,45],"4":[2,43],"5":[43,0],"6":[0,45]},"_coverageSchema":"1a1c01bbd47fc00a2c39e90264f33305004495a9","hash":"a998383ccd720b76ed5494e963e049275bfa21c9"}
,"C:\\Users\\Católica-SC\\OneDrive - Católica SC\\Diversos\\Área de trabalho\\Área de Trabalho\\trem-autonomo\\src\\index.js": {"path":"C:\\Users\\Católica-SC\\OneDrive - Católica SC\\Diversos\\Área de trabalho\\Área de Trabalho\\trem-autonomo\\src\\index.js","statementMap":{"0":{"start":{"line":1,"column":13},"end":{"line":1,"column":30}},"1":{"start":{"line":3,"column":17},"end":{"line":3,"column":85}},"2":{"start":{"line":4,"column":13},"end":{"line":4,"column":23}},"3":{"start":{"line":6,"column":0},"end":{"line":11,"column":1}},"4":{"start":{"line":7,"column":25},"end":{"line":7,"column":45}},"5":{"start":{"line":8,"column":4},"end":{"line":8,"column":56}},"6":{"start":{"line":10,"column":4},"end":{"line":10,"column":42}}},"fnMap":{},"branchMap":{},"s":{"0":0,"1":0,"2":0,"3":0,"4":0,"5":0,"6":0},"f":{},"b":{}}
}
