TN:
SF:src\Trem.js
FN:2,(anonymous_0)
FN:7,(anonymous_1)
FNF:2
FNH:2
FNDA:5,(anonymous_0)
FNDA:5,(anonymous_1)
DA:3,5
DA:4,5
DA:8,5
DA:9,5
DA:11,5
DA:12,48
DA:13,1
DA:16,47
DA:17,41
DA:19,6
DA:20,6
DA:23,47
DA:24,2
DA:27,45
DA:29,45
DA:30,2
DA:31,43
DA:32,43
DA:35,45
DA:36,0
DA:39,2
DA:43,1
LF:22
LH:21
BRDA:12,0,0,1
BRDA:12,0,1,47
BRDA:12,1,0,48
BRDA:12,1,1,46
BRDA:16,2,0,41
BRDA:16,2,1,6
BRDA:23,3,0,2
BRDA:23,3,1,45
BRDA:29,4,0,2
BRDA:29,4,1,43
BRDA:31,5,0,43
BRDA:31,5,1,0
BRDA:35,6,0,0
BRDA:35,6,1,45
BRF:14
BRH:12
end_of_record
TN:
SF:src\index.js
FNF:0
FNH:0
DA:1,0
DA:3,0
DA:4,0
DA:6,0
DA:7,0
DA:8,0
DA:10,0
LF:7
LH:0
BRF:0
BRH:0
end_of_record
